2024-05-10 17:20:38,572 - __main__ - INFO - Token value: 1234
2024-05-10 17:25:11,411 - __main__ - INFO - Token value: 1234
2024-05-10 17:30:07,757 - __main__ - INFO - Token value: 1234
2024-05-10 17:37:03,484 - __main__ - INFO - Token value: 1234
2024-05-10 17:51:37,785 - __main__ - INFO - Token value: woodside@1234
2024-07-26 15:57:34,311 - __main__ - INFO - Token value: Token not available!
2024-07-26 16:01:09,928 - __main__ - INFO - Token value: Token not available!
2024-07-26 16:06:17,166 - __main__ - INFO - Token value: Token not available!
2024-07-26 16:07:40,060 - __main__ - INFO - Token value: Token not available!
2024-07-26 16:07:40,897 - __main__ - ERROR - Failed to upload status.log to bucket ec-class-data: Error loading SSO Token: The SSO access token has either expired or is otherwise invalid.
2024-07-26 16:21:54,917 - __main__ - INFO - Token value: Token not available!
2024-07-26 16:21:55,777 - __main__ - ERROR - Failed to upload status.log to bucket ec-class-data: Error loading SSO Token: The SSO access token has either expired or is otherwise invalid.
2024-07-26 16:24:09,243 - __main__ - INFO - Token value: Token not available!
2024-07-26 16:24:10,075 - __main__ - ERROR - Failed to upload status.log to bucket ec-class-data: Error loading SSO Token: The SSO access token has either expired or is otherwise invalid.
2024-07-26 16:28:19,219 - __main__ - INFO - Token value: Token not available!
2024-07-26 16:29:32,471 - __main__ - INFO - Token value: Token not available!
2024-07-26 16:30:22,463 - __main__ - INFO - Token value: Token not available!
2024-07-26 16:30:51,287 - __main__ - INFO - Token value: Token not available!
2024-07-26 16:31:19,189 - __main__ - ERROR - Failed to upload status.log to bucket ec-class-data: Error loading SSO Token: The SSO access token has either expired or is otherwise invalid.
2024-07-26 16:40:37,158 - __main__ - INFO - Token value: Token not available!
2024-07-26 16:42:08,284 - __main__ - INFO - Token value: Token not available!
2024-07-26 16:42:12,424 - __main__ - INFO - Weather in Austin: +30 °C
2024-07-26 16:42:31,023 - __main__ - ERROR - Failed to upload status.log to bucket ec-class-data: Error loading SSO Token: The SSO access token has either expired or is otherwise invalid.
